Using pre-set license
Built from '2021.2/staging' branch; Version is '2021.2.10f1 (ee872746220e) revision 15632167'; Using compiler version '192829333'; Build Type 'Release'
OS: 'Windows 10  (10.0.19043) 64bit Core' Language: 'en' Physical Memory: 16253 MB
BatchMode: 1, IsHumanControllingUs: 0, StartBugReporterOnCrash: 0, Is64bit: 1, IsPro: 0

COMMAND LINE ARGUMENTS:
C:\Program Files\Unity\Hub\Editor\2021.2.10f1\Editor\Unity.exe
-adb2
-batchMode
-noUpm
-name
AssetImportWorker2
-projectPath
C:/Users/david/Documents/GitHub/PhysiCoaster/PhysiCoaster
-logFile
Logs/AssetImportWorker2.log
-srvPort
54151
Successfully changed project path to: C:/Users/david/Documents/GitHub/PhysiCoaster/PhysiCoaster
C:/Users/david/Documents/GitHub/PhysiCoaster/PhysiCoaster
[UnityMemory] Configuration Parameters - Can be set up in boot.config
    "memorysetup-bucket-allocator-granularity=16"
    "memorysetup-bucket-allocator-bucket-count=8"
    "memorysetup-bucket-allocator-block-size=33554432"
    "memorysetup-bucket-allocator-block-count=8"
    "memorysetup-main-allocator-block-size=16777216"
    "memorysetup-thread-allocator-block-size=16777216"
    "memorysetup-gfx-main-allocator-block-size=16777216"
    "memorysetup-gfx-thread-allocator-block-size=16777216"
    "memorysetup-cache-allocator-block-size=4194304"
    "memorysetup-typetree-allocator-block-size=2097152"
    "memorysetup-profiler-bucket-allocator-granularity=16"
    "memorysetup-profiler-bucket-allocator-bucket-count=8"
    "memorysetup-profiler-bucket-allocator-block-size=33554432"
    "memorysetup-profiler-bucket-allocator-block-count=8"
    "memorysetup-profiler-allocator-block-size=16777216"
    "memorysetup-profiler-editor-allocator-block-size=1048576"
    "memorysetup-temp-allocator-size-main=16777216"
    "memorysetup-job-temp-allocator-block-size=2097152"
    "memorysetup-job-temp-allocator-block-size-background=1048576"
    "memorysetup-job-temp-allocator-reduction-small-platforms=262144"
    "memorysetup-temp-allocator-size-background-worker=32768"
    "memorysetup-temp-allocator-size-job-worker=262144"
    "memorysetup-temp-allocator-size-preload-manager=33554432"
    "memorysetup-temp-allocator-size-nav-mesh-worker=65536"
    "memorysetup-temp-allocator-size-audio-worker=65536"
    "memorysetup-temp-allocator-size-cloud-worker=32768"
    "memorysetup-temp-allocator-size-gi-baking-worker=262144"
    "memorysetup-temp-allocator-size-gfx=262144"
Refreshing native plugins compatible for Editor in 78.29 ms, found 3 plugins.
Preloading 0 native plugins for Editor in 0.00 ms.
Initialize engine version: 2021.2.10f1 (ee872746220e)
[Subsystems] Discovering subsystems at path C:/Program Files/Unity/Hub/Editor/2021.2.10f1/Editor/Data/Resources/UnitySubsystems
[Subsystems] Discovering subsystems at path C:/Users/david/Documents/GitHub/PhysiCoaster/PhysiCoaster/Assets
GfxDevice: creating device client; threaded=0; jobified=0
Direct3D:
    Version:  Direct3D 11.0 [level 11.1]
    Renderer: NVIDIA GeForce GTX 1660 Ti (ID=0x2191)
    Vendor:   NVIDIA
    VRAM:     5991 MB
    Driver:   30.0.15.1179
Initialize mono
Mono path[0] = 'C:/Program Files/Unity/Hub/Editor/2021.2.10f1/Editor/Data/Managed'
Mono path[1] = 'C:/Program Files/Unity/Hub/Editor/2021.2.10f1/Editor/Data/MonoBleedingEdge/lib/mono/unityjit-win32'
Mono config path = 'C:/Program Files/Unity/Hub/Editor/2021.2.10f1/Editor/Data/MonoBleedingEdge/etc'
Using monoOptions --debugger-agent=transport=dt_socket,embedding=1,server=y,suspend=n,address=127.0.0.1:56948
Begin MonoManager ReloadAssembly
Registering precompiled unity dll's ...
Register platform support module: C:/Program Files/Unity/Hub/Editor/2021.2.10f1/Editor/Data/PlaybackEngines/WebGLSupport/UnityEditor.WebGL.Extensions.dll
Register platform support module: C:/Program Files/Unity/Hub/Editor/2021.2.10f1/Editor/Data/PlaybackEngines/WindowsStandaloneSupport/UnityEditor.WindowsStandalone.Extensions.dll
Registered in 0.008360 seconds.
Native extension for WindowsStandalone target not found
Native extension for WebGL target not found
Refreshing native plugins compatible for Editor in 76.36 ms, found 3 plugins.
Preloading 0 native plugins for Editor in 0.00 ms.
Mono: successfully reloaded assembly
- Completed reload, in  0.608 seconds
Domain Reload Profiling:
	ReloadAssembly (609ms)
		BeginReloadAssembly (71ms)
			ExecutionOrderSort (0ms)
			DisableScriptedObjects (0ms)
			BackupInstance (0ms)
			ReleaseScriptingObjects (0ms)
			CreateAndSetChildDomain (1ms)
		EndReloadAssembly (458ms)
			LoadAssemblies (69ms)
			RebuildTransferFunctionScriptingTraits (0ms)
			SetupTypeCache (97ms)
			ReleaseScriptCaches (0ms)
			RebuildScriptCaches (28ms)
			SetupLoadedEditorAssemblies (281ms)
				LogAssemblyErrors (0ms)
				InitializePlatformSupportModulesInManaged (17ms)
				SetLoadedEditorAssemblies (0ms)
				RefreshPlugins (76ms)
				BeforeProcessingInitializeOnLoad (1ms)
				ProcessInitializeOnLoadAttributes (141ms)
				ProcessInitializeOnLoadMethodAttributes (45ms)
				AfterProcessingInitializeOnLoad (0ms)
				EditorAssembliesLoaded (0ms)
			ExecutionOrderSort2 (0ms)
			AwakeInstancesAfterBackupRestoration (0ms)
Platform modules already initialized, skipping
Registering precompiled user dll's ...
Registered in 0.006156 seconds.
Begin MonoManager ReloadAssembly
Symbol file LoadedFromMemory doesn't match image C:\Users\david\Documents\GitHub\PhysiCoaster\PhysiCoaster\Library\PackageCache\com.unity.visualscripting@1.7.6\Editor\VisualScripting.Core\Dependencies\YamlDotNet\Unity.VisualScripting.YamlDotNet.dll
Symbol file LoadedFromMemory doesn't match image C:\Users\david\Documents\GitHub\PhysiCoaster\PhysiCoaster\Library\PackageCache\com.unity.visualscripting@1.7.6\Editor\VisualScripting.Core\Dependencies\DotNetZip\Unity.VisualScripting.IonicZip.dll
Native extension for WindowsStandalone target not found
Native extension for WebGL target not found
Refreshing native plugins compatible for Editor in 0.60 ms, found 3 plugins.
Preloading 0 native plugins for Editor in 0.00 ms.
Mono: successfully reloaded assembly
- Completed reload, in  0.990 seconds
Domain Reload Profiling:
	ReloadAssembly (991ms)
		BeginReloadAssembly (108ms)
			ExecutionOrderSort (0ms)
			DisableScriptedObjects (5ms)
			BackupInstance (0ms)
			ReleaseScriptingObjects (0ms)
			CreateAndSetChildDomain (21ms)
		EndReloadAssembly (779ms)
			LoadAssemblies (76ms)
			RebuildTransferFunctionScriptingTraits (0ms)
			SetupTypeCache (251ms)
			ReleaseScriptCaches (1ms)
			RebuildScriptCaches (51ms)
			SetupLoadedEditorAssemblies (363ms)
				LogAssemblyErrors (0ms)
				InitializePlatformSupportModulesInManaged (13ms)
				SetLoadedEditorAssemblies (0ms)
				RefreshPlugins (1ms)
				BeforeProcessingInitializeOnLoad (85ms)
				ProcessInitializeOnLoadAttributes (234ms)
				ProcessInitializeOnLoadMethodAttributes (21ms)
				AfterProcessingInitializeOnLoad (8ms)
				EditorAssembliesLoaded (0ms)
			ExecutionOrderSort2 (0ms)
			AwakeInstancesAfterBackupRestoration (6ms)
Platform modules already initialized, skipping
========================================================================
Worker process is ready to serve import requests
Launched and connected shader compiler UnityShaderCompiler.exe after 0.06 seconds
Refreshing native plugins compatible for Editor in 0.55 ms, found 3 plugins.
Preloading 0 native plugins for Editor in 0.00 ms.
Unloading 3242 Unused Serialized files (Serialized files now loaded: 0)
Unloading 24 unused Assets / (56.1 KB). Loaded Objects now: 3703.
Memory consumption went from 114.7 MB to 114.6 MB.
Total: 3.120700 ms (FindLiveObjects: 0.378200 ms CreateObjectMapping: 0.172600 ms MarkObjects: 2.481200 ms  DeleteObjects: 0.086200 ms)

AssetImportParameters requested are different than current active one (requested -> active):
  custom:video-decoder-ogg-theora: a1e56fd34408186e4bbccfd4996cb3dc -> 
  custom:container-muxer-webm: aa71ff27fc2769a1b78a27578f13a17b -> 
  custom:container-demuxer-webm: 4f35f7cbe854078d1ac9338744f61a02 -> 
  custom:video-encoder-webm-vp8: eb34c28f22e8b96e1ab97ce403110664 -> 
  custom:video-codec-MediaFoundation-h265: 746d11721c4dcdbdad8f713fa42b33f4 -> 
  custom:audio-encoder-webm-vorbis: bf7c407c2cedff20999df2af8eb42d56 -> 
  custom:framework-win-MediaFoundation: 216162199b28c13a410421893ffa2e32 -> 
  custom:container-demuxer-ogg: 62fdf1f143b41e24485cea50d1cbac27 -> 
  custom:video-decoder-webm-vp8: 9c59270c3fd7afecdb556c50c9e8de78 -> 
  custom:audio-decoder-ogg-vorbis: bf7c407c2cedff20999df2af8eb42d56 -> 
========================================================================
Received Prepare
Registering precompiled user dll's ...
Registered in 0.006887 seconds.
Begin MonoManager ReloadAssembly
Symbol file LoadedFromMemory doesn't match image C:\Users\david\Documents\GitHub\PhysiCoaster\PhysiCoaster\Library\PackageCache\com.unity.visualscripting@1.7.6\Editor\VisualScripting.Core\Dependencies\YamlDotNet\Unity.VisualScripting.YamlDotNet.dll
Symbol file LoadedFromMemory doesn't match image C:\Users\david\Documents\GitHub\PhysiCoaster\PhysiCoaster\Library\PackageCache\com.unity.visualscripting@1.7.6\Editor\VisualScripting.Core\Dependencies\DotNetZip\Unity.VisualScripting.IonicZip.dll
Native extension for WindowsStandalone target not found
Native extension for WebGL target not found
Refreshing native plugins compatible for Editor in 1.06 ms, found 3 plugins.
Preloading 0 native plugins for Editor in 0.00 ms.
Mono: successfully reloaded assembly
- Completed reload, in  1.144 seconds
Domain Reload Profiling:
	ReloadAssembly (1145ms)
		BeginReloadAssembly (147ms)
			ExecutionOrderSort (0ms)
			DisableScriptedObjects (6ms)
			BackupInstance (0ms)
			ReleaseScriptingObjects (0ms)
			CreateAndSetChildDomain (40ms)
		EndReloadAssembly (882ms)
			LoadAssemblies (86ms)
			RebuildTransferFunctionScriptingTraits (0ms)
			SetupTypeCache (308ms)
			ReleaseScriptCaches (2ms)
			RebuildScriptCaches (49ms)
			SetupLoadedEditorAssemblies (385ms)
				LogAssemblyErrors (0ms)
				InitializePlatformSupportModulesInManaged (18ms)
				SetLoadedEditorAssemblies (1ms)
				RefreshPlugins (1ms)
				BeforeProcessingInitializeOnLoad (75ms)
				ProcessInitializeOnLoadAttributes (249ms)
				ProcessInitializeOnLoadMethodAttributes (29ms)
				AfterProcessingInitializeOnLoad (12ms)
				EditorAssembliesLoaded (0ms)
			ExecutionOrderSort2 (0ms)
			AwakeInstancesAfterBackupRestoration (8ms)
Platform modules already initialized, skipping
Refreshing native plugins compatible for Editor in 0.97 ms, found 3 plugins.
Preloading 0 native plugins for Editor in 0.00 ms.
Unloading 3222 Unused Serialized files (Serialized files now loaded: 0)
Unloading 19 unused Assets / (24.5 KB). Loaded Objects now: 3705.
Memory consumption went from 113.1 MB to 113.1 MB.
Total: 3.255000 ms (FindLiveObjects: 0.429200 ms CreateObjectMapping: 0.147000 ms MarkObjects: 2.648100 ms  DeleteObjects: 0.029100 ms)

AssetImportParameters requested are different than current active one (requested -> active):
  custom:video-decoder-ogg-theora: a1e56fd34408186e4bbccfd4996cb3dc -> 
  custom:container-muxer-webm: aa71ff27fc2769a1b78a27578f13a17b -> 
  custom:container-demuxer-webm: 4f35f7cbe854078d1ac9338744f61a02 -> 
  custom:video-encoder-webm-vp8: eb34c28f22e8b96e1ab97ce403110664 -> 
  custom:video-codec-MediaFoundation-h265: 746d11721c4dcdbdad8f713fa42b33f4 -> 
  custom:audio-encoder-webm-vorbis: bf7c407c2cedff20999df2af8eb42d56 -> 
  custom:framework-win-MediaFoundation: 216162199b28c13a410421893ffa2e32 -> 
  custom:container-demuxer-ogg: 62fdf1f143b41e24485cea50d1cbac27 -> 
  custom:video-decoder-webm-vp8: 9c59270c3fd7afecdb556c50c9e8de78 -> 
  custom:audio-decoder-ogg-vorbis: bf7c407c2cedff20999df2af8eb42d56 -> 
========================================================================
Received Import Request.
  Time since last request: 1155372.195865 seconds.
  path: Assets/Prefabs/UIPrefabs
  artifactKey: Guid(80738d71ff8cea04799ed86cac84904a) Importer(815301076,1909f56bfc062723c751e8b465ee728b)
Start importing Assets/Prefabs/UIPrefabs using Guid(80738d71ff8cea04799ed86cac84904a) Importer(815301076,1909f56bfc062723c751e8b465ee728b)  -> (artifact id: '5b04b30463787b99cc732fef77122869') in 0.011318 seconds 
========================================================================
Received Import Request.
  Time since last request: 0.754047 seconds.
  path: Assets/Prefabs/UIPrefabs/Prefabs
  artifactKey: Guid(563983b996756be44b7dfeeeeee03085) Importer(815301076,1909f56bfc062723c751e8b465ee728b)
Start importing Assets/Prefabs/UIPrefabs/Prefabs using Guid(563983b996756be44b7dfeeeeee03085) Importer(815301076,1909f56bfc062723c751e8b465ee728b)  -> (artifact id: '9e05b5f7a15a89ff9fd3cce49f306f79') in 0.005845 seconds 
========================================================================
Received Import Request.
  Time since last request: 0.070621 seconds.
  path: Assets/Prefabs/UIPrefabs/Prefabs/Canvas.prefab
  artifactKey: Guid(d5d1dcfd74363364aa20113000b38a5d) Importer(815301076,1909f56bfc062723c751e8b465ee728b)
Start importing Assets/Prefabs/UIPrefabs/Prefabs/Canvas.prefab using Guid(d5d1dcfd74363364aa20113000b38a5d) Importer(815301076,1909f56bfc062723c751e8b465ee728b)  -> (artifact id: '96bc1868a7a2417b892beadc8b0440ae') in 0.077524 seconds 
========================================================================
Received Prepare
Registering precompiled user dll's ...
Registered in 0.005321 seconds.
Begin MonoManager ReloadAssembly
Symbol file LoadedFromMemory doesn't match image C:\Users\david\Documents\GitHub\PhysiCoaster\PhysiCoaster\Library\PackageCache\com.unity.visualscripting@1.7.6\Editor\VisualScripting.Core\Dependencies\YamlDotNet\Unity.VisualScripting.YamlDotNet.dll
Symbol file LoadedFromMemory doesn't match image C:\Users\david\Documents\GitHub\PhysiCoaster\PhysiCoaster\Library\PackageCache\com.unity.visualscripting@1.7.6\Editor\VisualScripting.Core\Dependencies\DotNetZip\Unity.VisualScripting.IonicZip.dll
Native extension for WindowsStandalone target not found
Native extension for WebGL target not found
Refreshing native plugins compatible for Editor in 0.86 ms, found 3 plugins.
Preloading 0 native plugins for Editor in 0.00 ms.
Mono: successfully reloaded assembly
- Completed reload, in  0.990 seconds
Domain Reload Profiling:
	ReloadAssembly (991ms)
		BeginReloadAssembly (134ms)
			ExecutionOrderSort (0ms)
			DisableScriptedObjects (5ms)
			BackupInstance (0ms)
			ReleaseScriptingObjects (0ms)
			CreateAndSetChildDomain (37ms)
		EndReloadAssembly (758ms)
			LoadAssemblies (79ms)
			RebuildTransferFunctionScriptingTraits (0ms)
			SetupTypeCache (259ms)
			ReleaseScriptCaches (1ms)
			RebuildScriptCaches (39ms)
			SetupLoadedEditorAssemblies (341ms)
				LogAssemblyErrors (0ms)
				InitializePlatformSupportModulesInManaged (20ms)
				SetLoadedEditorAssemblies (1ms)
				RefreshPlugins (1ms)
				BeforeProcessingInitializeOnLoad (71ms)
				ProcessInitializeOnLoadAttributes (219ms)
				ProcessInitializeOnLoadMethodAttributes (22ms)
				AfterProcessingInitializeOnLoad (8ms)
				EditorAssembliesLoaded (0ms)
			ExecutionOrderSort2 (0ms)
			AwakeInstancesAfterBackupRestoration (6ms)
Platform modules already initialized, skipping
Refreshing native plugins compatible for Editor in 0.64 ms, found 3 plugins.
Preloading 0 native plugins for Editor in 0.00 ms.
Unloading 3222 Unused Serialized files (Serialized files now loaded: 0)
Unloading 20 unused Assets / (25.3 KB). Loaded Objects now: 3707.
Memory consumption went from 113.2 MB to 113.2 MB.
Total: 3.345000 ms (FindLiveObjects: 0.346900 ms CreateObjectMapping: 0.105800 ms MarkObjects: 2.862400 ms  DeleteObjects: 0.028200 ms)

AssetImportParameters requested are different than current active one (requested -> active):
  custom:video-decoder-ogg-theora: a1e56fd34408186e4bbccfd4996cb3dc -> 
  custom:container-muxer-webm: aa71ff27fc2769a1b78a27578f13a17b -> 
  custom:container-demuxer-webm: 4f35f7cbe854078d1ac9338744f61a02 -> 
  custom:video-encoder-webm-vp8: eb34c28f22e8b96e1ab97ce403110664 -> 
  custom:video-codec-MediaFoundation-h265: 746d11721c4dcdbdad8f713fa42b33f4 -> 
  custom:audio-encoder-webm-vorbis: bf7c407c2cedff20999df2af8eb42d56 -> 
  custom:framework-win-MediaFoundation: 216162199b28c13a410421893ffa2e32 -> 
  custom:container-demuxer-ogg: 62fdf1f143b41e24485cea50d1cbac27 -> 
  custom:video-decoder-webm-vp8: 9c59270c3fd7afecdb556c50c9e8de78 -> 
  custom:audio-decoder-ogg-vorbis: bf7c407c2cedff20999df2af8eb42d56 -> 
========================================================================
Received Import Request.
  Time since last request: 94.477663 seconds.
  path: Assets/Scenes/MainMenu.unity
  artifactKey: Guid(9fc0d4010bbf28b4594072e72b8655ab) Importer(815301076,1909f56bfc062723c751e8b465ee728b)
Start importing Assets/Scenes/MainMenu.unity using Guid(9fc0d4010bbf28b4594072e72b8655ab) Importer(815301076,1909f56bfc062723c751e8b465ee728b)  -> (artifact id: '7232862e47cec58755d367c6c461388a') in 0.021438 seconds 
========================================================================
Received Prepare
Registering precompiled user dll's ...
Registered in 0.006594 seconds.
Begin MonoManager ReloadAssembly
Symbol file LoadedFromMemory doesn't match image C:\Users\david\Documents\GitHub\PhysiCoaster\PhysiCoaster\Library\PackageCache\com.unity.visualscripting@1.7.6\Editor\VisualScripting.Core\Dependencies\YamlDotNet\Unity.VisualScripting.YamlDotNet.dll
Symbol file LoadedFromMemory doesn't match image C:\Users\david\Documents\GitHub\PhysiCoaster\PhysiCoaster\Library\PackageCache\com.unity.visualscripting@1.7.6\Editor\VisualScripting.Core\Dependencies\DotNetZip\Unity.VisualScripting.IonicZip.dll
Native extension for WindowsStandalone target not found
Native extension for WebGL target not found
Refreshing native plugins compatible for Editor in 0.58 ms, found 3 plugins.
Preloading 0 native plugins for Editor in 0.00 ms.
Mono: successfully reloaded assembly
- Completed reload, in  1.020 seconds
Domain Reload Profiling:
	ReloadAssembly (1020ms)
		BeginReloadAssembly (132ms)
			ExecutionOrderSort (0ms)
			DisableScriptedObjects (5ms)
			BackupInstance (0ms)
			ReleaseScriptingObjects (0ms)
			CreateAndSetChildDomain (35ms)
		EndReloadAssembly (788ms)
			LoadAssemblies (78ms)
			RebuildTransferFunctionScriptingTraits (0ms)
			SetupTypeCache (287ms)
			ReleaseScriptCaches (1ms)
			RebuildScriptCaches (44ms)
			SetupLoadedEditorAssemblies (334ms)
				LogAssemblyErrors (0ms)
				InitializePlatformSupportModulesInManaged (15ms)
				SetLoadedEditorAssemblies (0ms)
				RefreshPlugins (1ms)
				BeforeProcessingInitializeOnLoad (68ms)
				ProcessInitializeOnLoadAttributes (213ms)
				ProcessInitializeOnLoadMethodAttributes (24ms)
				AfterProcessingInitializeOnLoad (13ms)
				EditorAssembliesLoaded (0ms)
			ExecutionOrderSort2 (0ms)
			AwakeInstancesAfterBackupRestoration (8ms)
Platform modules already initialized, skipping
Refreshing native plugins compatible for Editor in 0.65 ms, found 3 plugins.
Preloading 0 native plugins for Editor in 0.00 ms.
Unloading 3222 Unused Serialized files (Serialized files now loaded: 0)
Unloading 19 unused Assets / (24.6 KB). Loaded Objects now: 3709.
Memory consumption went from 113.2 MB to 113.2 MB.
Total: 2.958200 ms (FindLiveObjects: 0.283400 ms CreateObjectMapping: 0.088700 ms MarkObjects: 2.561400 ms  DeleteObjects: 0.022700 ms)

AssetImportParameters requested are different than current active one (requested -> active):
  custom:video-decoder-ogg-theora: a1e56fd34408186e4bbccfd4996cb3dc -> 
  custom:container-muxer-webm: aa71ff27fc2769a1b78a27578f13a17b -> 
  custom:container-demuxer-webm: 4f35f7cbe854078d1ac9338744f61a02 -> 
  custom:video-encoder-webm-vp8: eb34c28f22e8b96e1ab97ce403110664 -> 
  custom:video-codec-MediaFoundation-h265: 746d11721c4dcdbdad8f713fa42b33f4 -> 
  custom:audio-encoder-webm-vorbis: bf7c407c2cedff20999df2af8eb42d56 -> 
  custom:framework-win-MediaFoundation: 216162199b28c13a410421893ffa2e32 -> 
  custom:container-demuxer-ogg: 62fdf1f143b41e24485cea50d1cbac27 -> 
  custom:video-decoder-webm-vp8: 9c59270c3fd7afecdb556c50c9e8de78 -> 
  custom:audio-decoder-ogg-vorbis: bf7c407c2cedff20999df2af8eb42d56 -> 
========================================================================
Received Prepare
Registering precompiled user dll's ...
Registered in 0.006531 seconds.
Begin MonoManager ReloadAssembly
Symbol file LoadedFromMemory doesn't match image C:\Users\david\Documents\GitHub\PhysiCoaster\PhysiCoaster\Library\PackageCache\com.unity.visualscripting@1.7.6\Editor\VisualScripting.Core\Dependencies\YamlDotNet\Unity.VisualScripting.YamlDotNet.dll
Symbol file LoadedFromMemory doesn't match image C:\Users\david\Documents\GitHub\PhysiCoaster\PhysiCoaster\Library\PackageCache\com.unity.visualscripting@1.7.6\Editor\VisualScripting.Core\Dependencies\DotNetZip\Unity.VisualScripting.IonicZip.dll
Native extension for WindowsStandalone target not found
Native extension for WebGL target not found
Refreshing native plugins compatible for Editor in 0.66 ms, found 3 plugins.
Preloading 0 native plugins for Editor in 0.00 ms.
Mono: successfully reloaded assembly
- Completed reload, in  1.016 seconds
Domain Reload Profiling:
	ReloadAssembly (1017ms)
		BeginReloadAssembly (146ms)
			ExecutionOrderSort (0ms)
			DisableScriptedObjects (7ms)
			BackupInstance (0ms)
			ReleaseScriptingObjects (0ms)
			CreateAndSetChildDomain (39ms)
		EndReloadAssembly (762ms)
			LoadAssemblies (85ms)
			RebuildTransferFunctionScriptingTraits (0ms)
			SetupTypeCache (249ms)
			ReleaseScriptCaches (1ms)
			RebuildScriptCaches (42ms)
			SetupLoadedEditorAssemblies (345ms)
				LogAssemblyErrors (0ms)
				InitializePlatformSupportModulesInManaged (16ms)
				SetLoadedEditorAssemblies (0ms)
				RefreshPlugins (1ms)
				BeforeProcessingInitializeOnLoad (67ms)
				ProcessInitializeOnLoadAttributes (227ms)
				ProcessInitializeOnLoadMethodAttributes (23ms)
				AfterProcessingInitializeOnLoad (11ms)
				EditorAssembliesLoaded (0ms)
			ExecutionOrderSort2 (0ms)
			AwakeInstancesAfterBackupRestoration (7ms)
Platform modules already initialized, skipping
Refreshing native plugins compatible for Editor in 0.79 ms, found 3 plugins.
Preloading 0 native plugins for Editor in 0.00 ms.
Unloading 3222 Unused Serialized files (Serialized files now loaded: 0)
Unloading 19 unused Assets / (24.6 KB). Loaded Objects now: 3711.
Memory consumption went from 113.2 MB to 113.2 MB.
Total: 3.748100 ms (FindLiveObjects: 0.380000 ms CreateObjectMapping: 0.247300 ms MarkObjects: 3.093500 ms  DeleteObjects: 0.025900 ms)

AssetImportParameters requested are different than current active one (requested -> active):
  custom:video-decoder-ogg-theora: a1e56fd34408186e4bbccfd4996cb3dc -> 
  custom:container-muxer-webm: aa71ff27fc2769a1b78a27578f13a17b -> 
  custom:container-demuxer-webm: 4f35f7cbe854078d1ac9338744f61a02 -> 
  custom:video-encoder-webm-vp8: eb34c28f22e8b96e1ab97ce403110664 -> 
  custom:video-codec-MediaFoundation-h265: 746d11721c4dcdbdad8f713fa42b33f4 -> 
  custom:audio-encoder-webm-vorbis: bf7c407c2cedff20999df2af8eb42d56 -> 
  custom:framework-win-MediaFoundation: 216162199b28c13a410421893ffa2e32 -> 
  custom:container-demuxer-ogg: 62fdf1f143b41e24485cea50d1cbac27 -> 
  custom:video-decoder-webm-vp8: 9c59270c3fd7afecdb556c50c9e8de78 -> 
  custom:audio-decoder-ogg-vorbis: bf7c407c2cedff20999df2af8eb42d56 -> 
========================================================================
Received Import Request.
  Time since last request: 655.765064 seconds.
  path: Assets/Sprites/Gazielle/Basic_Cave/Sprites/001_ceiling.png
  artifactKey: Guid(52da189b3015b16438b29d177e0c7dce) Importer(815301076,1909f56bfc062723c751e8b465ee728b)
Start importing Assets/Sprites/Gazielle/Basic_Cave/Sprites/001_ceiling.png using Guid(52da189b3015b16438b29d177e0c7dce) Importer(815301076,1909f56bfc062723c751e8b465ee728b)  -> (artifact id: 'cdf92ee403a9fa72f2b0aca8ce6f6fe6') in 0.116445 seconds 
========================================================================
Received Import Request.
  Time since last request: 0.000032 seconds.
  path: Assets/Sprites/Gazielle/Basic_Cave/Sprites/001_floor.png
  artifactKey: Guid(565be8bc4e310f74c96256540d23a60f) Importer(815301076,1909f56bfc062723c751e8b465ee728b)
Start importing Assets/Sprites/Gazielle/Basic_Cave/Sprites/001_floor.png using Guid(565be8bc4e310f74c96256540d23a60f) Importer(815301076,1909f56bfc062723c751e8b465ee728b)  -> (artifact id: 'ea1224fa49e3400765fbb11e957003b2') in 0.054900 seconds 
========================================================================
Received Import Request.
  Time since last request: 1.891002 seconds.
  path: Assets/Sprites/Gazielle/Crystal_Cave/Sprites/001_ground.png
  artifactKey: Guid(1096c900e6d58774bb645bad2783d24f) Importer(815301076,1909f56bfc062723c751e8b465ee728b)
Start importing Assets/Sprites/Gazielle/Crystal_Cave/Sprites/001_ground.png using Guid(1096c900e6d58774bb645bad2783d24f) Importer(815301076,1909f56bfc062723c751e8b465ee728b)  -> (artifact id: '159c2be74511626c3d9b50a55a740d0a') in 0.016867 seconds 
========================================================================
Received Import Request.
  Time since last request: 0.012760 seconds.
  path: Assets/Sprites/Gazielle/Crystal_Cave/Sprites/002_ceiling.png
  artifactKey: Guid(6340dd9450f6efe42b2f92c36f49fc68) Importer(815301076,1909f56bfc062723c751e8b465ee728b)
Start importing Assets/Sprites/Gazielle/Crystal_Cave/Sprites/002_ceiling.png using Guid(6340dd9450f6efe42b2f92c36f49fc68) Importer(815301076,1909f56bfc062723c751e8b465ee728b)  -> (artifact id: '7568326ec9413ebcd284a25eb23cce40') in 0.019708 seconds 
========================================================================
Received Import Request.
  Time since last request: 0.344952 seconds.
  path: Assets/Sprites/Gazielle/Crystal_Cave/Sprites/002_crystal_001.png
  artifactKey: Guid(384ad9bbc79aab64589a4b7e60b7fcfa) Importer(815301076,1909f56bfc062723c751e8b465ee728b)
Start importing Assets/Sprites/Gazielle/Crystal_Cave/Sprites/002_crystal_001.png using Guid(384ad9bbc79aab64589a4b7e60b7fcfa) Importer(815301076,1909f56bfc062723c751e8b465ee728b)  -> (artifact id: '47654df4841369f0dc8179375bcb8315') in 0.015133 seconds 
========================================================================
Received Import Request.
  Time since last request: 0.024773 seconds.
  path: Assets/Sprites/Gazielle/Crystal_Cave/Sprites/002_crystal_002.png
  artifactKey: Guid(856eae5ce24c6db4ea066ea2042192a1) Importer(815301076,1909f56bfc062723c751e8b465ee728b)
Start importing Assets/Sprites/Gazielle/Crystal_Cave/Sprites/002_crystal_002.png using Guid(856eae5ce24c6db4ea066ea2042192a1) Importer(815301076,1909f56bfc062723c751e8b465ee728b)  -> (artifact id: '20d81fc96a17b200c4939ec697e4d4a0') in 0.015911 seconds 
========================================================================
Received Import Request.
  Time since last request: 0.080059 seconds.
  path: Assets/Sprites/Gazielle/Crystal_Cave/Sprites/002_crystal_003.png
  artifactKey: Guid(51b01f7da04d6c14ba9b9da346286aa7) Importer(815301076,1909f56bfc062723c751e8b465ee728b)
Start importing Assets/Sprites/Gazielle/Crystal_Cave/Sprites/002_crystal_003.png using Guid(51b01f7da04d6c14ba9b9da346286aa7) Importer(815301076,1909f56bfc062723c751e8b465ee728b)  -> (artifact id: '530ea34ae07e3a539ed8417121ba3574') in 0.014223 seconds 
========================================================================
Received Import Request.
  Time since last request: 0.215009 seconds.
  path: Assets/Sprites/Gazielle/Crystal_Cave/Sprites/002_crystal_004.png
  artifactKey: Guid(9e9694904a9e68a40a863b232bee58cb) Importer(815301076,1909f56bfc062723c751e8b465ee728b)
Start importing Assets/Sprites/Gazielle/Crystal_Cave/Sprites/002_crystal_004.png using Guid(9e9694904a9e68a40a863b232bee58cb) Importer(815301076,1909f56bfc062723c751e8b465ee728b)  -> (artifact id: '589d7ce7c2a3c976850878241763e184') in 0.014103 seconds 
========================================================================
Received Import Request.
  Time since last request: 0.020264 seconds.
  path: Assets/Sprites/Gazielle/Crystal_Cave/Sprites/002_crystal_005.png
  artifactKey: Guid(9b96d18869abec44d8558b64b0334a23) Importer(815301076,1909f56bfc062723c751e8b465ee728b)
Start importing Assets/Sprites/Gazielle/Crystal_Cave/Sprites/002_crystal_005.png using Guid(9b96d18869abec44d8558b64b0334a23) Importer(815301076,1909f56bfc062723c751e8b465ee728b)  -> (artifact id: 'ca0f50d28c6551cc3a87386d960eb903') in 0.016626 seconds 
========================================================================
Received Import Request.
  Time since last request: 0.020429 seconds.
  path: Assets/Sprites/Gazielle/Crystal_Cave/Sprites/002_crystal_006.png
  artifactKey: Guid(c381d115ebb85674ba54c4aabb4a6603) Importer(815301076,1909f56bfc062723c751e8b465ee728b)
Start importing Assets/Sprites/Gazielle/Crystal_Cave/Sprites/002_crystal_006.png using Guid(c381d115ebb85674ba54c4aabb4a6603) Importer(815301076,1909f56bfc062723c751e8b465ee728b)  -> (artifact id: 'be8f83e5a368d1abaa77a4f45d35e497') in 0.013743 seconds 
========================================================================
Received Import Request.
  Time since last request: 1.097016 seconds.
  path: Assets/Sprites/Gazielle/Crystal_Cave/Sprites/002_crystal_007.png
  artifactKey: Guid(6e1c6dc5f2965f444953ef3972af3594) Importer(815301076,1909f56bfc062723c751e8b465ee728b)
Start importing Assets/Sprites/Gazielle/Crystal_Cave/Sprites/002_crystal_007.png using Guid(6e1c6dc5f2965f444953ef3972af3594) Importer(815301076,1909f56bfc062723c751e8b465ee728b)  -> (artifact id: '70ae6a1bb0def291e7b2819f05e0230c') in 0.023744 seconds 
========================================================================
Received Import Request.
  Time since last request: 0.000028 seconds.
  path: Assets/Sprites/Gazielle/Crystal_Cave/Sprites/002_crystal_010.png
  artifactKey: Guid(b3f2a6f7172593041aa6863db19cd1c3) Importer(815301076,1909f56bfc062723c751e8b465ee728b)
Start importing Assets/Sprites/Gazielle/Crystal_Cave/Sprites/002_crystal_010.png using Guid(b3f2a6f7172593041aa6863db19cd1c3) Importer(815301076,1909f56bfc062723c751e8b465ee728b)  -> (artifact id: '9a4155b3867df5e0383584de7565dc56') in 0.019666 seconds 
========================================================================
Received Import Request.
  Time since last request: 0.000031 seconds.
  path: Assets/Sprites/Gazielle/Basic_Cave/Sprites/002_floor.png
  artifactKey: Guid(ab105e2adbe61b64d9caebda983dcc7e) Importer(815301076,1909f56bfc062723c751e8b465ee728b)
Start importing Assets/Sprites/Gazielle/Basic_Cave/Sprites/002_floor.png using Guid(ab105e2adbe61b64d9caebda983dcc7e) Importer(815301076,1909f56bfc062723c751e8b465ee728b)  -> (artifact id: '139a00c7fc63077ee58f8790e34987e3') in 0.046479 seconds 
========================================================================
Received Import Request.
  Time since last request: 0.000024 seconds.
  path: Assets/Sprites/Gazielle/Poisonous_Cave/Sprites/005_waterfall_001.png
  artifactKey: Guid(6406c1cd41af67c46bc892292a8ae2ee) Importer(815301076,1909f56bfc062723c751e8b465ee728b)
Start importing Assets/Sprites/Gazielle/Poisonous_Cave/Sprites/005_waterfall_001.png using Guid(6406c1cd41af67c46bc892292a8ae2ee) Importer(815301076,1909f56bfc062723c751e8b465ee728b)  -> (artifact id: 'bb32d2b41a6d50b784d22fb44c04cf0e') in 0.021559 seconds 
========================================================================
Received Import Request.
  Time since last request: 0.000026 seconds.
  path: Assets/Sprites/Gazielle/Basic_Cave/Sprites/002_rock_001.png
  artifactKey: Guid(6dc276a9b7c896d45a5c745fca3ecc3b) Importer(815301076,1909f56bfc062723c751e8b465ee728b)
Start importing Assets/Sprites/Gazielle/Basic_Cave/Sprites/002_rock_001.png using Guid(6dc276a9b7c896d45a5c745fca3ecc3b) Importer(815301076,1909f56bfc062723c751e8b465ee728b)  -> (artifact id: 'cf37c03569f57eacc8977eb117405aa1') in 0.030181 seconds 
========================================================================
Received Import Request.
  Time since last request: 0.000023 seconds.
  path: Assets/Sprites/Gazielle/Poisonous_Cave/Sprites/005_foam_004.png
  artifactKey: Guid(83f14e282314c794799e22c4ac99ff7b) Importer(815301076,1909f56bfc062723c751e8b465ee728b)
Start importing Assets/Sprites/Gazielle/Poisonous_Cave/Sprites/005_foam_004.png using Guid(83f14e282314c794799e22c4ac99ff7b) Importer(815301076,1909f56bfc062723c751e8b465ee728b)  -> (artifact id: 'c7e165e61f7cd1dd55ae1a9817326657') in 0.045360 seconds 
========================================================================
Received Import Request.
  Time since last request: 0.000022 seconds.
  path: Assets/Sprites/Gazielle/Poisonous_Cave/Sprites/005_foam_002.png
  artifactKey: Guid(4ae2135b951f4ec45b6275ce76be201c) Importer(815301076,1909f56bfc062723c751e8b465ee728b)
Start importing Assets/Sprites/Gazielle/Poisonous_Cave/Sprites/005_foam_002.png using Guid(4ae2135b951f4ec45b6275ce76be201c) Importer(815301076,1909f56bfc062723c751e8b465ee728b)  -> (artifact id: 'b1d1415b8bec46ff378792088feed44f') in 0.024831 seconds 
========================================================================
Received Import Request.
  Time since last request: 0.000022 seconds.
  path: Assets/Sprites/Gazielle/Poisonous_Cave/Sprites/005_river_reflection.png
  artifactKey: Guid(da83f0b01dea74641a2c864a2310af0a) Importer(815301076,1909f56bfc062723c751e8b465ee728b)
Start importing Assets/Sprites/Gazielle/Poisonous_Cave/Sprites/005_river_reflection.png using Guid(da83f0b01dea74641a2c864a2310af0a) Importer(815301076,1909f56bfc062723c751e8b465ee728b)  -> (artifact id: '393a837eae21da1569f41a63f75d639e') in 0.047231 seconds 
========================================================================
Received Import Request.
  Time since last request: 0.000026 seconds.
  path: Assets/Sprites/Gazielle/Crystal_Cave/Sprites/004_arch_02.png
  artifactKey: Guid(c4443ab384dbd4a42ab6af8e94938d58) Importer(815301076,1909f56bfc062723c751e8b465ee728b)
Start importing Assets/Sprites/Gazielle/Crystal_Cave/Sprites/004_arch_02.png using Guid(c4443ab384dbd4a42ab6af8e94938d58) Importer(815301076,1909f56bfc062723c751e8b465ee728b)  -> (artifact id: 'dc1960f622abe785cf83a48379ef6000') in 0.042770 seconds 
========================================================================
Received Import Request.
  Time since last request: 0.000032 seconds.
  path: Assets/Sprites/Gazielle/Poisonous_Cave/Sprites/005_foam_001.png
  artifactKey: Guid(cc502748cf15680468bb8ca63eada029) Importer(815301076,1909f56bfc062723c751e8b465ee728b)
Start importing Assets/Sprites/Gazielle/Poisonous_Cave/Sprites/005_foam_001.png using Guid(cc502748cf15680468bb8ca63eada029) Importer(815301076,1909f56bfc062723c751e8b465ee728b)  -> (artifact id: '22f76d786ea89015db439867b05d9f4d') in 0.018612 seconds 
========================================================================
Received Import Request.
  Time since last request: 0.000022 seconds.
  path: Assets/Sprites/Gazielle/Poisonous_Cave/Sprites/003_stalactite_004.png
  artifactKey: Guid(d3de64b554bb79041bd84af57b50b74d) Importer(815301076,1909f56bfc062723c751e8b465ee728b)
Start importing Assets/Sprites/Gazielle/Poisonous_Cave/Sprites/003_stalactite_004.png using Guid(d3de64b554bb79041bd84af57b50b74d) Importer(815301076,1909f56bfc062723c751e8b465ee728b)  -> (artifact id: 'ea25010800f9628eb9bcf16f2a2d405a') in 0.022230 seconds 
========================================================================
Received Import Request.
  Time since last request: 0.000030 seconds.
  path: Assets/Sprites/Gazielle/Poisonous_Cave/Sprites/006_background.png
  artifactKey: Guid(a1432d973a344d54699e883cf4b3088c) Importer(815301076,1909f56bfc062723c751e8b465ee728b)
Start importing Assets/Sprites/Gazielle/Poisonous_Cave/Sprites/006_background.png using Guid(a1432d973a344d54699e883cf4b3088c) Importer(815301076,1909f56bfc062723c751e8b465ee728b)  -> (artifact id: 'a55a77dcfa38fbfe3db8df8a22e384a8') in 0.033615 seconds 
========================================================================
Received Import Request.
  Time since last request: 0.000023 seconds.
  path: Assets/Sprites/Gazielle/Poisonous_Cave/Sprites/005_waterfall_003.png
  artifactKey: Guid(207d65138e0bcd84095562a7e9620e01) Importer(815301076,1909f56bfc062723c751e8b465ee728b)
Start importing Assets/Sprites/Gazielle/Poisonous_Cave/Sprites/005_waterfall_003.png using Guid(207d65138e0bcd84095562a7e9620e01) Importer(815301076,1909f56bfc062723c751e8b465ee728b)  -> (artifact id: '54a3d99633e5db4df52d8e0e1525e20a') in 0.017206 seconds 
========================================================================
Received Import Request.
  Time since last request: 0.000028 seconds.
  path: Assets/Sprites/G1.png
  artifactKey: Guid(970eff853e3b3614ba5564689581b451) Importer(815301076,1909f56bfc062723c751e8b465ee728b)
Start importing Assets/Sprites/G1.png using Guid(970eff853e3b3614ba5564689581b451) Importer(815301076,1909f56bfc062723c751e8b465ee728b)  -> (artifact id: 'da354227673b2cebe7ea97afb6c3078c') in 0.020185 seconds 
========================================================================
Received Import Request.
  Time since last request: 0.000034 seconds.
  path: Assets/Sprites/Gazielle/Poisonous_Cave/Sprites/002_rock_001.png
  artifactKey: Guid(967a43312a4a5d04d8ddd91e03636832) Importer(815301076,1909f56bfc062723c751e8b465ee728b)
Start importing Assets/Sprites/Gazielle/Poisonous_Cave/Sprites/002_rock_001.png using Guid(967a43312a4a5d04d8ddd91e03636832) Importer(815301076,1909f56bfc062723c751e8b465ee728b)  -> (artifact id: '7d4734ca1094ccb970f96acdc74ffa77') in 0.018654 seconds 
========================================================================
Received Import Request.
  Time since last request: 0.000033 seconds.
  path: Assets/Sprites/Gazielle/Crystal_Cave/Sprites/003_crystal_007.png
  artifactKey: Guid(7171437e7f1c4924e8a1af43ced432d1) Importer(815301076,1909f56bfc062723c751e8b465ee728b)
Start importing Assets/Sprites/Gazielle/Crystal_Cave/Sprites/003_crystal_007.png using Guid(7171437e7f1c4924e8a1af43ced432d1) Importer(815301076,1909f56bfc062723c751e8b465ee728b)  -> (artifact id: '07b9503db6b3c70ccc5ad320d2736160') in 0.019310 seconds 
========================================================================
Received Import Request.
  Time since last request: 0.000022 seconds.
  path: Assets/Sprites/Gazielle/Poisonous_Cave/Sprites/002_rock_003.png
  artifactKey: Guid(22a1c08248398ef4a92a9b24a2dac00f) Importer(815301076,1909f56bfc062723c751e8b465ee728b)
Start importing Assets/Sprites/Gazielle/Poisonous_Cave/Sprites/002_rock_003.png using Guid(22a1c08248398ef4a92a9b24a2dac00f) Importer(815301076,1909f56bfc062723c751e8b465ee728b)  -> (artifact id: 'b51c1ba0909bfde44ecc2dd70d0c27c5') in 0.018685 seconds 
========================================================================
Received Import Request.
  Time since last request: 0.000039 seconds.
  path: Assets/Sprites/Gazielle/Crystal_Cave/Sprites/011_background.png
  artifactKey: Guid(12c2311fb2e664342ac94ba49ec7daac) Importer(815301076,1909f56bfc062723c751e8b465ee728b)
Start importing Assets/Sprites/Gazielle/Crystal_Cave/Sprites/011_background.png using Guid(12c2311fb2e664342ac94ba49ec7daac) Importer(815301076,1909f56bfc062723c751e8b465ee728b)  -> (artifact id: '4405eaf73a1a126a5a4ae6afcd5b91fa') in 0.020088 seconds 
========================================================================
Received Import Request.
  Time since last request: 0.567726 seconds.
  path: Assets/TextMesh Pro/Shaders/TMPro_Surface.cginc
  artifactKey: Guid(d930090c0cd643c7b55f19a38538c162) Importer(815301076,1909f56bfc062723c751e8b465ee728b)
Start importing Assets/TextMesh Pro/Shaders/TMPro_Surface.cginc using Guid(d930090c0cd643c7b55f19a38538c162) Importer(815301076,1909f56bfc062723c751e8b465ee728b)  -> (artifact id: '7b115a6d707a6d062181fb1f47f2d772') in 0.012526 seconds 
========================================================================
Received Import Request.
  Time since last request: 0.000024 seconds.
  path: Assets/TextMesh Pro/Shaders/TMPro_Properties.cginc
  artifactKey: Guid(3997e2241185407d80309a82f9148466) Importer(815301076,1909f56bfc062723c751e8b465ee728b)
Start importing Assets/TextMesh Pro/Shaders/TMPro_Properties.cginc using Guid(3997e2241185407d80309a82f9148466) Importer(815301076,1909f56bfc062723c751e8b465ee728b)  -> (artifact id: '1a571301edaf3ef31f347c8859d10fb7') in 0.010777 seconds 
========================================================================
Received Import Request.
  Time since last request: 0.019194 seconds.
  path: Assets/Sprites/Gazielle/Demo/Main Camera.prefab
  artifactKey: Guid(fc5c7a7af5140a1488d7538f48e80591) Importer(815301076,1909f56bfc062723c751e8b465ee728b)
Start importing Assets/Sprites/Gazielle/Demo/Main Camera.prefab using Guid(fc5c7a7af5140a1488d7538f48e80591) Importer(815301076,1909f56bfc062723c751e8b465ee728b)  -> (artifact id: 'cecc723e2973c7e2b37a4dc4c014bd92') in 0.014232 seconds 
========================================================================
Received Import Request.
  Time since last request: 0.042905 seconds.
  path: Assets/Sprites/Gazielle/Demo/Basic_Cave.prefab
  artifactKey: Guid(9198dea63810a9744a9f87ad80fddafa) Importer(815301076,1909f56bfc062723c751e8b465ee728b)
Start importing Assets/Sprites/Gazielle/Demo/Basic_Cave.prefab using Guid(9198dea63810a9744a9f87ad80fddafa) Importer(815301076,1909f56bfc062723c751e8b465ee728b)  -> (artifact id: '4759079ee50aa2f2cd9eed065a3148e8') in 0.076353 seconds 
========================================================================
Received Import Request.
  Time since last request: 0.000029 seconds.
  path: Assets/Sprites/Gazielle/Poisonous_Cave/Sprites/003_stalactite_001.png
  artifactKey: Guid(789079e1792e39d4fa5ada1d89717ddb) Importer(815301076,1909f56bfc062723c751e8b465ee728b)
Start importing Assets/Sprites/Gazielle/Poisonous_Cave/Sprites/003_stalactite_001.png using Guid(789079e1792e39d4fa5ada1d89717ddb) Importer(815301076,1909f56bfc062723c751e8b465ee728b)  -> (artifact id: '8ad06f628caab1bda9eabdfe0fe3403c') in 0.021226 seconds 
========================================================================
Received Import Request.
  Time since last request: 0.000027 seconds.
  path: Assets/Sprites/Gazielle/Basic_Cave/Sprites/005_background.png
  artifactKey: Guid(c7ba615d45430ac49b3013ed50c21f0f) Importer(815301076,1909f56bfc062723c751e8b465ee728b)
Start importing Assets/Sprites/Gazielle/Basic_Cave/Sprites/005_background.png using Guid(c7ba615d45430ac49b3013ed50c21f0f) Importer(815301076,1909f56bfc062723c751e8b465ee728b)  -> (artifact id: '9831c373691bd162d7de9dd838b2eb37') in 0.028781 seconds 
========================================================================
Received Import Request.
  Time since last request: 0.000026 seconds.
  path: Assets/Sprites/Gazielle/Poisonous_Cave/Sprites/002_stalactite_003.png
  artifactKey: Guid(5a51d498517fe7b4c81db968b17481ab) Importer(815301076,1909f56bfc062723c751e8b465ee728b)
Start importing Assets/Sprites/Gazielle/Poisonous_Cave/Sprites/002_stalactite_003.png using Guid(5a51d498517fe7b4c81db968b17481ab) Importer(815301076,1909f56bfc062723c751e8b465ee728b)  -> (artifact id: '9971d18ac0eb1a743ddb030f1772635a') in 0.019349 seconds 
========================================================================
Received Import Request.
  Time since last request: 0.000038 seconds.
  path: Assets/Sprites/Gazielle/Basic_Cave/Sprites/002_stalactite_002.png
  artifactKey: Guid(6b81d2eb97732504eb7959fd8bada8b2) Importer(815301076,1909f56bfc062723c751e8b465ee728b)
Start importing Assets/Sprites/Gazielle/Basic_Cave/Sprites/002_stalactite_002.png using Guid(6b81d2eb97732504eb7959fd8bada8b2) Importer(815301076,1909f56bfc062723c751e8b465ee728b)  -> (artifact id: 'b948676e0a484b5ff867e52d952e6d20') in 0.018190 seconds 
========================================================================
Received Import Request.
  Time since last request: 0.000026 seconds.
  path: Assets/Sprites/Gazielle/Poisonous_Cave/Sprites/007_background.png
  artifactKey: Guid(1938ebf747cbfdd45ba70b5208b572f6) Importer(815301076,1909f56bfc062723c751e8b465ee728b)
Start importing Assets/Sprites/Gazielle/Poisonous_Cave/Sprites/007_background.png using Guid(1938ebf747cbfdd45ba70b5208b572f6) Importer(815301076,1909f56bfc062723c751e8b465ee728b)  -> (artifact id: '7b37cf45e0ed2bf9074cb0bc69a26c8d') in 0.026845 seconds 
========================================================================
Received Import Request.
  Time since last request: 0.000030 seconds.
  path: Assets/Sprites/Gazielle/Basic_Cave/Sprites/007_background.png
  artifactKey: Guid(a408c83fab8413946b79d8479e3bda5f) Importer(815301076,1909f56bfc062723c751e8b465ee728b)
Start importing Assets/Sprites/Gazielle/Basic_Cave/Sprites/007_background.png using Guid(a408c83fab8413946b79d8479e3bda5f) Importer(815301076,1909f56bfc062723c751e8b465ee728b)  -> (artifact id: '1131e524c69f04cf222ea4befde7db68') in 0.024680 seconds 
========================================================================
Received Import Request.
  Time since last request: 0.000029 seconds.
  path: Assets/Sprites/Gazielle/Basic_Cave/Sprites/004_pillar_005.png
  artifactKey: Guid(4b837da596d33c4478ad88748803bb60) Importer(815301076,1909f56bfc062723c751e8b465ee728b)
Start importing Assets/Sprites/Gazielle/Basic_Cave/Sprites/004_pillar_005.png using Guid(4b837da596d33c4478ad88748803bb60) Importer(815301076,1909f56bfc062723c751e8b465ee728b)  -> (artifact id: '5c5bb3bae19f106b24a8b92990e4f287') in 0.020246 seconds 
========================================================================
Received Import Request.
  Time since last request: 0.000036 seconds.
  path: Assets/Sprites/Gazielle/Basic_Cave/Sprites/002_stalactite_008.png
  artifactKey: Guid(836a0bddfee58a249b82da333f013927) Importer(815301076,1909f56bfc062723c751e8b465ee728b)
Start importing Assets/Sprites/Gazielle/Basic_Cave/Sprites/002_stalactite_008.png using Guid(836a0bddfee58a249b82da333f013927) Importer(815301076,1909f56bfc062723c751e8b465ee728b)  -> (artifact id: '9741ce76f254999d2c91fb16780789c0') in 0.019032 seconds 
========================================================================
Received Import Request.
  Time since last request: 0.000037 seconds.
  path: Assets/Sprites/Gazielle/Poisonous_Cave/Sprites/004_pillar_004.png
  artifactKey: Guid(3bda87e36793e594fb08a14eb2235c31) Importer(815301076,1909f56bfc062723c751e8b465ee728b)
Start importing Assets/Sprites/Gazielle/Poisonous_Cave/Sprites/004_pillar_004.png using Guid(3bda87e36793e594fb08a14eb2235c31) Importer(815301076,1909f56bfc062723c751e8b465ee728b)  -> (artifact id: 'cd29ad0d325ba5c25411ecaf88a6c569') in 0.019044 seconds 
========================================================================
Received Import Request.
  Time since last request: 0.000028 seconds.
  path: Assets/Sprites/Gazielle/Basic_Cave/Sprites/002_stalactite_003.png
  artifactKey: Guid(d3083c622e9f66f4f9fbb3536a6831e9) Importer(815301076,1909f56bfc062723c751e8b465ee728b)
Start importing Assets/Sprites/Gazielle/Basic_Cave/Sprites/002_stalactite_003.png using Guid(d3083c622e9f66f4f9fbb3536a6831e9) Importer(815301076,1909f56bfc062723c751e8b465ee728b)  -> (artifact id: 'f206d93144d6eac816b5fef1b2fa89d1') in 0.016158 seconds 
========================================================================
Received Import Request.
  Time since last request: 0.000020 seconds.
  path: Assets/Sprites/Gazielle/Poisonous_Cave/Sprites/002_stalactite_002.png
  artifactKey: Guid(e368a77edb51938498e69b058c5c8643) Importer(815301076,1909f56bfc062723c751e8b465ee728b)
Start importing Assets/Sprites/Gazielle/Poisonous_Cave/Sprites/002_stalactite_002.png using Guid(e368a77edb51938498e69b058c5c8643) Importer(815301076,1909f56bfc062723c751e8b465ee728b)  -> (artifact id: '48f568e37e0d3774f178c4fa89e559c6') in 0.017376 seconds 
Editor requested this worker to shutdown with reason: Scaling down because of idle timeout
AssetImportWorker is now disconnected from the server
Process exiting
Exiting without the bug reporter. Application will terminate with return code 0